<?xml version="1.0" encoding="UTF-8"?>
<testng-results skipped="0" failed="2" ignored="0" total="24" passed="22">
  <reporter-output>
  </reporter-output>
  <suite name="Default suite" duration-ms="139848" started-at="2019-01-28T10:33:33Z" finished-at="2019-01-28T10:35:53Z">
    <groups>
    </groups>
    <test name="Default test" duration-ms="139848" started-at="2019-01-28T10:33:33Z" finished-at="2019-01-28T10:35:53Z">
      <class name="testscripts.moblieClinSum">
        <test-method status="PASS" signature="LaucnMpageMobile()[pri:1, instance:testscripts.moblieClinSum@675d3402]" name="LaucnMpageMobile" duration-ms="10768" started-at="2019-01-28T10:33:33Z" finished-at="2019-01-28T10:33:44Z">
          <reporter-output>
          </reporter-output>
        </test-method> <!-- LaucnMpageMobile -->
        <test-method status="PASS" signature="enterUserName()[pri:2, instance:testscripts.moblieClinSum@675d3402]" name="enterUserName" duration-ms="2174" started-at="2019-01-28T10:33:44Z" finished-at="2019-01-28T10:33:46Z">
          <reporter-output>
          </reporter-output>
        </test-method> <!-- enterUserName -->
        <test-method status="PASS" signature="enterPassword()[pri:3, instance:testscripts.moblieClinSum@675d3402]" name="enterPassword" duration-ms="2168" started-at="2019-01-28T10:33:46Z" finished-at="2019-01-28T10:33:48Z">
          <reporter-output>
          </reporter-output>
        </test-method> <!-- enterPassword -->
        <test-method status="PASS" signature="clickLogin()[pri:4, instance:testscripts.moblieClinSum@675d3402]" name="clickLogin" duration-ms="10707" started-at="2019-01-28T10:33:48Z" finished-at="2019-01-28T10:33:59Z">
          <reporter-output>
          </reporter-output>
        </test-method> <!-- clickLogin -->
        <test-method status="PASS" signature="clickListTab()[pri:5, instance:testscripts.moblieClinSum@675d3402]" name="clickListTab" duration-ms="7442" started-at="2019-01-28T10:33:59Z" finished-at="2019-01-28T10:34:07Z">
          <reporter-output>
          </reporter-output>
        </test-method> <!-- clickListTab -->
        <test-method status="PASS" signature="clickListDropDown()[pri:6, instance:testscripts.moblieClinSum@675d3402]" name="clickListDropDown" duration-ms="6395" started-at="2019-01-28T10:34:07Z" finished-at="2019-01-28T10:34:13Z">
          <reporter-output>
          </reporter-output>
        </test-method> <!-- clickListDropDown -->
        <test-method status="PASS" signature="sortByName()[pri:7, instance:testscripts.moblieClinSum@675d3402]" name="sortByName" duration-ms="4257" started-at="2019-01-28T10:34:13Z" finished-at="2019-01-28T10:34:17Z">
          <reporter-output>
          </reporter-output>
        </test-method> <!-- sortByName -->
        <test-method status="PASS" signature="sortByAge()[pri:8, instance:testscripts.moblieClinSum@675d3402]" name="sortByAge" duration-ms="4240" started-at="2019-01-28T10:34:17Z" finished-at="2019-01-28T10:34:22Z">
          <reporter-output>
          </reporter-output>
        </test-method> <!-- sortByAge -->
        <test-method status="PASS" signature="sortByGender()[pri:9, instance:testscripts.moblieClinSum@675d3402]" name="sortByGender" duration-ms="4215" started-at="2019-01-28T10:34:22Z" finished-at="2019-01-28T10:34:26Z">
          <reporter-output>
          </reporter-output>
        </test-method> <!-- sortByGender -->
        <test-method status="PASS" signature="sortByLocation()[pri:10, instance:testscripts.moblieClinSum@675d3402]" name="sortByLocation" duration-ms="4239" started-at="2019-01-28T10:34:26Z" finished-at="2019-01-28T10:34:30Z">
          <reporter-output>
          </reporter-output>
        </test-method> <!-- sortByLocation -->
        <test-method status="PASS" signature="selectPatient()[pri:11, instance:testscripts.moblieClinSum@675d3402]" name="selectPatient" duration-ms="5989" started-at="2019-01-28T10:34:30Z" finished-at="2019-01-28T10:34:36Z">
          <reporter-output>
          </reporter-output>
        </test-method> <!-- selectPatient -->
        <test-method status="PASS" signature="selectPatientList()[pri:12, instance:testscripts.moblieClinSum@675d3402]" name="selectPatientList" duration-ms="2121" started-at="2019-01-28T10:34:36Z" finished-at="2019-01-28T10:34:38Z">
          <reporter-output>
          </reporter-output>
        </test-method> <!-- selectPatientList -->
        <test-method status="PASS" signature="selectPatientbysearch()[pri:13, instance:testscripts.moblieClinSum@675d3402]" name="selectPatientbysearch" duration-ms="12209" started-at="2019-01-28T10:34:38Z" finished-at="2019-01-28T10:34:50Z">
          <reporter-output>
          </reporter-output>
        </test-method> <!-- selectPatientbysearch -->
        <test-method status="FAIL" signature="selectPatientfromsearch()[pri:14, instance:testscripts.moblieClinSum@675d3402]" name="selectPatientfromsearch" duration-ms="18026" started-at="2019-01-28T10:34:50Z" finished-at="2019-01-28T10:35:08Z">
          <exception class="org.openqa.selenium.TimeoutException">
            <message>
              <![CDATA[Expected condition failed: waiting for visibility of element located by By.id: demographics (tried for 10 second(s) with 500 milliseconds interval)]]>
            </message>
            <full-stacktrace>
              <![CDATA[org.openqa.selenium.TimeoutException: Expected condition failed: waiting for visibility of element located by By.id: demographics (tried for 10 second(s) with 500 milliseconds interval)
at org.openqa.selenium.support.ui.WebDriverWait.timeoutException(WebDriverWait.java:113)
at org.openqa.selenium.support.ui.FluentWait.until(FluentWait.java:283)
at MasterPackage.PatientReports.validatePatientSummary(PatientReports.java:17)
at testscripts.moblieClinSum.selectPatientfromsearch(moblieClinSum.java:124)
at sun.reflect.NativeMethodAccessorImpl.invoke0(Native Method)
at sun.reflect.NativeMethodAccessorImpl.invoke(Unknown Source)
at sun.reflect.DelegatingMethodAccessorImpl.invoke(Unknown Source)
at java.lang.reflect.Method.invoke(Unknown Source)
at org.testng.internal.MethodInvocationHelper.invokeMethod(MethodInvocationHelper.java:124)
at org.testng.internal.Invoker.invokeMethod(Invoker.java:580)
at org.testng.internal.Invoker.invokeTestMethod(Invoker.java:716)
at org.testng.internal.Invoker.invokeTestMethods(Invoker.java:988)
at org.testng.internal.TestMethodWorker.invokeTestMethods(TestMethodWorker.java:125)
at org.testng.internal.TestMethodWorker.run(TestMethodWorker.java:109)
at org.testng.TestRunner.privateRun(TestRunner.java:648)
at org.testng.TestRunner.run(TestRunner.java:505)
at org.testng.SuiteRunner.runTest(SuiteRunner.java:455)
at org.testng.SuiteRunner.runSequentially(SuiteRunner.java:450)
at org.testng.SuiteRunner.privateRun(SuiteRunner.java:415)
at org.testng.SuiteRunner.run(SuiteRunner.java:364)
at org.testng.SuiteRunnerWorker.runSuite(SuiteRunnerWorker.java:52)
at org.testng.SuiteRunnerWorker.run(SuiteRunnerWorker.java:84)
at org.testng.TestNG.runSuitesSequentially(TestNG.java:1208)
at org.testng.TestNG.runSuitesLocally(TestNG.java:1137)
at org.testng.TestNG.runSuites(TestNG.java:1049)
at org.testng.TestNG.run(TestNG.java:1017)
at org.testng.remote.AbstractRemoteTestNG.run(AbstractRemoteTestNG.java:114)
at org.testng.remote.RemoteTestNG.initAndRun(RemoteTestNG.java:251)
at org.testng.remote.RemoteTestNG.main(RemoteTestNG.java:77)
Caused by: org.openqa.selenium.NoSuchElementException: Cannot locate an element using By.id: demographics
For documentation on this error, please visit: http://seleniumhq.org/exceptions/no_such_element.html
Build info: version: '3.14.0', revision: 'aacccce0', time: '2018-08-02T20:05:20.749Z'
System info: host: 'W1417910', ip: '10.182.168.32', os.name: 'Windows 10', os.arch: 'amd64', os.version: '10.0', java.version: '1.8.0_151'
Driver info: driver.version: unknown
at org.openqa.selenium.support.ui.ExpectedConditions.lambda$findElement$0(ExpectedConditions.java:896)
at java.util.Optional.orElseThrow(Unknown Source)
at org.openqa.selenium.support.ui.ExpectedConditions.findElement(ExpectedConditions.java:895)
at org.openqa.selenium.support.ui.ExpectedConditions.access$000(ExpectedConditions.java:44)
at org.openqa.selenium.support.ui.ExpectedConditions$7.apply(ExpectedConditions.java:206)
at org.openqa.selenium.support.ui.ExpectedConditions$7.apply(ExpectedConditions.java:202)
at org.openqa.selenium.support.ui.FluentWait.until(FluentWait.java:260)
... 27 more
]]>
            </full-stacktrace>
          </exception> <!-- org.openqa.selenium.TimeoutException -->
          <reporter-output>
          </reporter-output>
        </test-method> <!-- selectPatientfromsearch -->
        <test-method status="FAIL" signature="selectPatientListback()[pri:15, instance:testscripts.moblieClinSum@675d3402]" name="selectPatientListback" duration-ms="5110" started-at="2019-01-28T10:35:08Z" finished-at="2019-01-28T10:35:13Z">
          <exception class="org.openqa.selenium.NoSuchElementException">
            <message>
              <![CDATA[no such element: Unable to locate element: {"method":"xpath","selector":"//div[@id='backBtnDiv']//span[contains(text(),'Patient')]"}
  (Session info: chrome=71.0.3578.98)
  (Driver info: chromedriver=2.41.578737 (49da6702b16031c40d63e5618de03a32ff6c197e),platform=Windows NT 10.0.16299 x86_64) (WARNING: The server did not provide any stacktrace information)
Command duration or timeout: 0 milliseconds
For documentation on this error, please visit: http://seleniumhq.org/exceptions/no_such_element.html
Build info: version: '3.14.0', revision: 'aacccce0', time: '2018-08-02T20:05:20.749Z'
System info: host: 'W1417910', ip: '10.182.168.32', os.name: 'Windows 10', os.arch: 'amd64', os.version: '10.0', java.version: '1.8.0_151'
Driver info: org.openqa.selenium.chrome.ChromeDriver
Capabilities {acceptInsecureCerts: false, acceptSslCerts: false, applicationCacheEnabled: false, browserConnectionEnabled: false, browserName: chrome, chrome: {chromedriverVersion: 2.41.578737 (49da6702b16031..., userDataDir: C:\Users\hb024026\AppData\L...}, cssSelectorsEnabled: true, databaseEnabled: false, goog:chromeOptions: {debuggerAddress: localhost:60249}, handlesAlerts: true, hasTouchScreen: false, javascriptEnabled: true, locationContextEnabled: true, mobileEmulationEnabled: false, nativeEvents: true, networkConnectionEnabled: false, pageLoadStrategy: normal, platform: XP, platformName: XP, rotatable: false, setWindowRect: true, takesHeapSnapshot: true, takesScreenshot: true, unexpectedAlertBehaviour: , unhandledPromptBehavior: , version: 71.0.3578.98, webStorageEnabled: true}
Session ID: cc61928064794622a36c5e85b8a7b734
*** Element info: {Using=xpath, value=//div[@id='backBtnDiv']//span[contains(text(),'Patient')]}]]>
            </message>
            <full-stacktrace>
              <![CDATA[org.openqa.selenium.NoSuchElementException: no such element: Unable to locate element: {"method":"xpath","selector":"//div[@id='backBtnDiv']//span[contains(text(),'Patient')]"}
  (Session info: chrome=71.0.3578.98)
  (Driver info: chromedriver=2.41.578737 (49da6702b16031c40d63e5618de03a32ff6c197e),platform=Windows NT 10.0.16299 x86_64) (WARNING: The server did not provide any stacktrace information)
Command duration or timeout: 0 milliseconds
For documentation on this error, please visit: http://seleniumhq.org/exceptions/no_such_element.html
Build info: version: '3.14.0', revision: 'aacccce0', time: '2018-08-02T20:05:20.749Z'
System info: host: 'W1417910', ip: '10.182.168.32', os.name: 'Windows 10', os.arch: 'amd64', os.version: '10.0', java.version: '1.8.0_151'
Driver info: org.openqa.selenium.chrome.ChromeDriver
Capabilities {acceptInsecureCerts: false, acceptSslCerts: false, applicationCacheEnabled: false, browserConnectionEnabled: false, browserName: chrome, chrome: {chromedriverVersion: 2.41.578737 (49da6702b16031..., userDataDir: C:\Users\hb024026\AppData\L...}, cssSelectorsEnabled: true, databaseEnabled: false, goog:chromeOptions: {debuggerAddress: localhost:60249}, handlesAlerts: true, hasTouchScreen: false, javascriptEnabled: true, locationContextEnabled: true, mobileEmulationEnabled: false, nativeEvents: true, networkConnectionEnabled: false, pageLoadStrategy: normal, platform: XP, platformName: XP, rotatable: false, setWindowRect: true, takesHeapSnapshot: true, takesScreenshot: true, unexpectedAlertBehaviour: , unhandledPromptBehavior: , version: 71.0.3578.98, webStorageEnabled: true}
Session ID: cc61928064794622a36c5e85b8a7b734
*** Element info: {Using=xpath, value=//div[@id='backBtnDiv']//span[contains(text(),'Patient')]}
at sun.reflect.NativeConstructorAccessorImpl.newInstance0(Native Method)
at sun.reflect.NativeConstructorAccessorImpl.newInstance(Unknown Source)
at sun.reflect.DelegatingConstructorAccessorImpl.newInstance(Unknown Source)
at java.lang.reflect.Constructor.newInstance(Unknown Source)
at org.openqa.selenium.remote.ErrorHandler.createThrowable(ErrorHandler.java:214)
at org.openqa.selenium.remote.ErrorHandler.throwIfResponseFailed(ErrorHandler.java:166)
at org.openqa.selenium.remote.http.JsonHttpResponseCodec.reconstructValue(JsonHttpResponseCodec.java:40)
at org.openqa.selenium.remote.http.AbstractHttpResponseCodec.decode(AbstractHttpResponseCodec.java:80)
at org.openqa.selenium.remote.http.AbstractHttpResponseCodec.decode(AbstractHttpResponseCodec.java:44)
at org.openqa.selenium.remote.HttpCommandExecutor.execute(HttpCommandExecutor.java:158)
at org.openqa.selenium.remote.service.DriverCommandExecutor.execute(DriverCommandExecutor.java:83)
at org.openqa.selenium.remote.RemoteWebDriver.execute(RemoteWebDriver.java:548)
at org.openqa.selenium.remote.RemoteWebDriver.findElement(RemoteWebDriver.java:322)
at org.openqa.selenium.remote.RemoteWebDriver.findElementByXPath(RemoteWebDriver.java:424)
at org.openqa.selenium.By$ByXPath.findElement(By.java:353)
at org.openqa.selenium.remote.RemoteWebDriver.findElement(RemoteWebDriver.java:314)
at MasterPackage.PatientReports.clickPatientList(PatientReports.java:25)
at testscripts.moblieClinSum.selectPatientListback(moblieClinSum.java:129)
at sun.reflect.NativeMethodAccessorImpl.invoke0(Native Method)
at sun.reflect.NativeMethodAccessorImpl.invoke(Unknown Source)
at sun.reflect.DelegatingMethodAccessorImpl.invoke(Unknown Source)
at java.lang.reflect.Method.invoke(Unknown Source)
at org.testng.internal.MethodInvocationHelper.invokeMethod(MethodInvocationHelper.java:124)
at org.testng.internal.Invoker.invokeMethod(Invoker.java:580)
at org.testng.internal.Invoker.invokeTestMethod(Invoker.java:716)
at org.testng.internal.Invoker.invokeTestMethods(Invoker.java:988)
at org.testng.internal.TestMethodWorker.invokeTestMethods(TestMethodWorker.java:125)
at org.testng.internal.TestMethodWorker.run(TestMethodWorker.java:109)
at org.testng.TestRunner.privateRun(TestRunner.java:648)
at org.testng.TestRunner.run(TestRunner.java:505)
at org.testng.SuiteRunner.runTest(SuiteRunner.java:455)
at org.testng.SuiteRunner.runSequentially(SuiteRunner.java:450)
at org.testng.SuiteRunner.privateRun(SuiteRunner.java:415)
at org.testng.SuiteRunner.run(SuiteRunner.java:364)
at org.testng.SuiteRunnerWorker.runSuite(SuiteRunnerWorker.java:52)
at org.testng.SuiteRunnerWorker.run(SuiteRunnerWorker.java:84)
at org.testng.TestNG.runSuitesSequentially(TestNG.java:1208)
at org.testng.TestNG.runSuitesLocally(TestNG.java:1137)
at org.testng.TestNG.runSuites(TestNG.java:1049)
at org.testng.TestNG.run(TestNG.java:1017)
at org.testng.remote.AbstractRemoteTestNG.run(AbstractRemoteTestNG.java:114)
at org.testng.remote.RemoteTestNG.initAndRun(RemoteTestNG.java:251)
at org.testng.remote.RemoteTestNG.main(RemoteTestNG.java:77)
]]>
            </full-stacktrace>
          </exception> <!-- org.openqa.selenium.NoSuchElementException -->
          <reporter-output>
          </reporter-output>
        </test-method> <!-- selectPatientListback -->
        <test-method status="PASS" signature="selectScheduleTab()[pri:16, instance:testscripts.moblieClinSum@675d3402]" name="selectScheduleTab" duration-ms="136" started-at="2019-01-28T10:35:13Z" finished-at="2019-01-28T10:35:14Z">
          <reporter-output>
          </reporter-output>
        </test-method> <!-- selectScheduleTab -->
        <test-method status="PASS" signature="selectPatientTab()[pri:17, instance:testscripts.moblieClinSum@675d3402]" name="selectPatientTab" duration-ms="2238" started-at="2019-01-28T10:35:14Z" finished-at="2019-01-28T10:35:16Z">
          <reporter-output>
          </reporter-output>
        </test-method> <!-- selectPatientTab -->
        <test-method status="PASS" signature="selectPatientlist()[pri:18, instance:testscripts.moblieClinSum@675d3402]" name="selectPatientlist" duration-ms="11644" started-at="2019-01-28T10:35:16Z" finished-at="2019-01-28T10:35:28Z">
          <reporter-output>
          </reporter-output>
        </test-method> <!-- selectPatientlist -->
        <test-method status="PASS" signature="validateDiagnosis()[pri:19, instance:testscripts.moblieClinSum@675d3402]" name="validateDiagnosis" duration-ms="4199" started-at="2019-01-28T10:35:28Z" finished-at="2019-01-28T10:35:32Z">
          <reporter-output>
          </reporter-output>
        </test-method> <!-- validateDiagnosis -->
        <test-method status="PASS" signature="validateAllergies()[pri:20, instance:testscripts.moblieClinSum@675d3402]" name="validateAllergies" duration-ms="4234" started-at="2019-01-28T10:35:32Z" finished-at="2019-01-28T10:35:36Z">
          <reporter-output>
          </reporter-output>
        </test-method> <!-- validateAllergies -->
        <test-method status="PASS" signature="validateVital()[pri:21, instance:testscripts.moblieClinSum@675d3402]" name="validateVital" duration-ms="4176" started-at="2019-01-28T10:35:36Z" finished-at="2019-01-28T10:35:40Z">
          <reporter-output>
          </reporter-output>
        </test-method> <!-- validateVital -->
        <test-method status="PASS" signature="validateProblems()[pri:22, instance:testscripts.moblieClinSum@675d3402]" name="validateProblems" duration-ms="4216" started-at="2019-01-28T10:35:40Z" finished-at="2019-01-28T10:35:44Z">
          <reporter-output>
          </reporter-output>
        </test-method> <!-- validateProblems -->
        <test-method status="PASS" signature="validateMedications()[pri:23, instance:testscripts.moblieClinSum@675d3402]" name="validateMedications" duration-ms="4239" started-at="2019-01-28T10:35:44Z" finished-at="2019-01-28T10:35:49Z">
          <reporter-output>
          </reporter-output>
        </test-method> <!-- validateMedications -->
        <test-method status="PASS" signature="Quit()[pri:24, instance:testscripts.moblieClinSum@675d3402]" name="Quit" duration-ms="4595" started-at="2019-01-28T10:35:49Z" finished-at="2019-01-28T10:35:53Z">
          <reporter-output>
          </reporter-output>
        </test-method> <!-- Quit -->
      </class> <!-- testscripts.moblieClinSum -->
    </test> <!-- Default test -->
  </suite> <!-- Default suite -->
</testng-results>
